<?xml version="1.0" encoding="UTF-8"?>
<!-- Generated by org.testng.reporters.JUnitReportReporter -->
<testsuite skipped="0" hostname="BGHWC115686" name="com.calamp.colt.test.smoke.Login" tests="1" failures="0" timestamp="18 Apr 2018 12:43:04 GMT" time="44.129" errors="0">
  <testcase name="testLoginTC01" time="44.129" classname="com.calamp.colt.test.smoke.Login"/>
</testsuite> <!-- com.calamp.colt.test.smoke.Login -->
